Started GET "/" for ::1 at 2019-04-13 21:34:06 -0700
DEPRECATION WARNING: ActiveRecord::Base.raise_in_transactional_callbacks= is deprecated, has no effect and will be removed without replacement. (called from block (3 levels) in <class:Railtie> at /Users/cameroncarter/.rbenv/versions/2.5.1/lib/ruby/gems/2.5.0/gems/activerecord-5.0.7.2/lib/active_record/railtie.rb:113)
Processing by StaticPagesController#index as HTML
  Rendering static_pages/index.html.erb within layouts/application
  Rendered shared/_main_nav.html.erb (0.4ms)
  Rendered shared/_masthead.html.erb (0.2ms)
  Rendered shared/_sections_nav.html.erb (0.2ms)
  Rendered shared/_search_modal.html.erb (0.2ms)
  Rendered shared/_main_content.html.erb (0.2ms)
  Rendered static_pages/index.html.erb within layouts/application (14.0ms)
Completed 200 OK in 666ms (Views: 661.7ms | ActiveRecord: 0.0ms)


Started GET "/assets/components/dropdown.self-815016af6fab1d5b72abd319213bf62f0c42bab2c585d2e059543ae704a0d74c.js?body=1" for ::1 at 2019-04-13 21:34:07 -0700
Started GET "/assets/jquery_ujs.self-784a997f6726036b1993eb2217c9cb558e1cbb801c6da88105588c56f13b466a.js?body=1" for ::1 at 2019-04-13 21:34:07 -0700
Started GET "/assets/application.self-ef388d07563b5d34036d8fe56c02cd5e603432e80af303e60a8f3ff39b255f83.css?body=1" for ::1 at 2019-04-13 21:34:07 -0700
Started GET "/assets/jquery.self-bd7ddd393353a8d2480a622e80342adf488fb6006d667e8b42e4c0073393abee.js?body=1" for ::1 at 2019-04-13 21:34:07 -0700
Started GET "/assets/components/sidebar.self-2a1277f850a6fa21e1a974ef5152f177ac05516477d5081d593bb137b3d6808b.js?body=1" for ::1 at 2019-04-13 21:34:07 -0700
Started GET "/assets/components/modal.self-52188644dbb47def5ee35ae02e69eb567ca9b664472357a8a5789dd39032a265.js?body=1" for ::1 at 2019-04-13 21:34:07 -0700
Started GET "/assets/application.self-f571b9db02bf4ed04c38a6a29072ac382f7d4f47db1fab9817aeadb0d8665235.js?body=1" for ::1 at 2019-04-13 21:34:07 -0700
Started GET "/" for ::1 at 2019-04-13 21:34:51 -0700
Processing by StaticPagesController#index as HTML
  Rendering static_pages/index.html.erb within layouts/application
  Rendered shared/_main_nav.html.erb (0.3ms)
  Rendered shared/_masthead.html.erb (0.2ms)
  Rendered shared/_sections_nav.html.erb (0.2ms)
  Rendered shared/_search_modal.html.erb (0.3ms)
  Rendered shared/_main_content.html.erb (0.3ms)
  Rendered static_pages/index.html.erb within layouts/application (11.7ms)
Completed 200 OK in 28ms (Views: 25.7ms | ActiveRecord: 0.0ms)


Started GET "/" for ::1 at 2019-04-13 21:34:53 -0700
Processing by StaticPagesController#index as HTML
  Rendering static_pages/index.html.erb within layouts/application
  Rendered shared/_main_nav.html.erb (0.2ms)
  Rendered shared/_masthead.html.erb (0.3ms)
  Rendered shared/_sections_nav.html.erb (0.3ms)
  Rendered shared/_search_modal.html.erb (0.3ms)
  Rendered shared/_main_content.html.erb (0.2ms)
  Rendered static_pages/index.html.erb within layouts/application (13.0ms)
Completed 200 OK in 42ms (Views: 40.3ms | ActiveRecord: 0.0ms)


Started GET "/" for ::1 at 2019-04-13 21:35:05 -0700
Processing by StaticPagesController#index as HTML
  Rendering static_pages/index.html.erb within layouts/application
  Rendered shared/_main_nav.html.erb (0.3ms)
  Rendered shared/_masthead.html.erb (0.2ms)
  Rendered shared/_sections_nav.html.erb (0.5ms)
  Rendered shared/_search_modal.html.erb (0.4ms)
  Rendered shared/_main_content.html.erb (0.2ms)
  Rendered static_pages/index.html.erb within layouts/application (11.7ms)
Completed 200 OK in 31ms (Views: 29.0ms | ActiveRecord: 0.0ms)


Started GET "/" for ::1 at 2019-04-13 21:35:08 -0700
Processing by StaticPagesController#index as HTML
  Rendering static_pages/index.html.erb within layouts/application
  Rendered shared/_main_nav.html.erb (0.6ms)
  Rendered shared/_masthead.html.erb (0.2ms)
  Rendered shared/_sections_nav.html.erb (0.2ms)
  Rendered shared/_search_modal.html.erb (0.3ms)
  Rendered shared/_main_content.html.erb (0.3ms)
  Rendered static_pages/index.html.erb within layouts/application (11.0ms)
Completed 200 OK in 31ms (Views: 28.8ms | ActiveRecord: 0.0ms)


Started GET "/" for ::1 at 2019-04-13 21:44:58 -0700
Processing by StaticPagesController#index as HTML
  Rendering static_pages/index.html.erb within layouts/application
  Rendered shared/_main_nav.html.erb (0.2ms)
  Rendered shared/_masthead.html.erb (0.3ms)
  Rendered shared/_sections_nav.html.erb (0.3ms)
  Rendered shared/_search_modal.html.erb (0.5ms)
  Rendered shared/_main_content.html.erb (0.3ms)
  Rendered static_pages/index.html.erb within layouts/application (12.0ms)
Completed 200 OK in 32ms (Views: 28.7ms | ActiveRecord: 0.0ms)


Started GET "/" for ::1 at 2019-04-13 21:44:59 -0700
Processing by StaticPagesController#index as HTML
  Rendering static_pages/index.html.erb within layouts/application
  Rendered shared/_main_nav.html.erb (0.2ms)
  Rendered shared/_masthead.html.erb (0.3ms)
  Rendered shared/_sections_nav.html.erb (0.4ms)
  Rendered shared/_search_modal.html.erb (0.3ms)
  Rendered shared/_main_content.html.erb (0.5ms)
  Rendered static_pages/index.html.erb within layouts/application (13.8ms)
Completed 200 OK in 40ms (Views: 37.8ms | ActiveRecord: 0.0ms)


Started GET "/assets/application.self-ef388d07563b5d34036d8fe56c02cd5e603432e80af303e60a8f3ff39b255f83.css?body=1&livereload=1555217144611" for ::1 at 2019-04-13 21:45:44 -0700
Started GET "/assets/application.self-ef388d07563b5d34036d8fe56c02cd5e603432e80af303e60a8f3ff39b255f83.css?body=1&livereload=1555217144613" for ::1 at 2019-04-13 21:45:44 -0700
Started GET "/assets/application.self-ef388d07563b5d34036d8fe56c02cd5e603432e80af303e60a8f3ff39b255f83.css?body=1&livereload=1555217168544" for ::1 at 2019-04-13 21:46:08 -0700
Started GET "/assets/application.self-ef388d07563b5d34036d8fe56c02cd5e603432e80af303e60a8f3ff39b255f83.css?body=1&livereload=1555217168546" for ::1 at 2019-04-13 21:46:08 -0700
Started GET "/assets/application.self-ef388d07563b5d34036d8fe56c02cd5e603432e80af303e60a8f3ff39b255f83.css?body=1&livereload=1555218113741" for ::1 at 2019-04-13 22:01:53 -0700
Started GET "/assets/application.self-ef388d07563b5d34036d8fe56c02cd5e603432e80af303e60a8f3ff39b255f83.css?body=1&livereload=1555218113742" for ::1 at 2019-04-13 22:01:53 -0700
Started GET "/assets/application.self-ef388d07563b5d34036d8fe56c02cd5e603432e80af303e60a8f3ff39b255f83.css?body=1&livereload=1555218175284" for ::1 at 2019-04-13 22:02:55 -0700
Started GET "/assets/application.self-ef388d07563b5d34036d8fe56c02cd5e603432e80af303e60a8f3ff39b255f83.css?body=1&livereload=1555218175282" for ::1 at 2019-04-13 22:02:55 -0700
Started GET "/assets/application.self-ef388d07563b5d34036d8fe56c02cd5e603432e80af303e60a8f3ff39b255f83.css?body=1&livereload=1555218180565" for ::1 at 2019-04-13 22:03:00 -0700
Started GET "/assets/application.self-ef388d07563b5d34036d8fe56c02cd5e603432e80af303e60a8f3ff39b255f83.css?body=1&livereload=1555218180564" for ::1 at 2019-04-13 22:03:00 -0700
Started GET "/" for ::1 at 2019-04-13 22:04:08 -0700
Processing by StaticPagesController#index as HTML
  Rendering static_pages/index.html.erb within layouts/application
  Rendered shared/_main_nav.html.erb (0.3ms)
  Rendered shared/_masthead.html.erb (0.7ms)
  Rendered shared/_sections_nav.html.erb (0.3ms)
  Rendered shared/_search_modal.html.erb (0.2ms)
  Rendered shared/_main_content.html.erb (0.2ms)
  Rendered static_pages/index.html.erb within layouts/application (12.7ms)
Completed 500 Internal Server Error in 39ms (ActiveRecord: 0.0ms)



Sass::SyntaxError - Invalid CSS after "  padding": expected ";", was ":":
  app/views/layouts/application.html.erb:7:in `_app_views_layouts_application_html_erb___4055198189889838121_70266621647040'

Started POST "/__better_errors/a687ed20f36665bf/variables" for ::1 at 2019-04-13 22:04:08 -0700
Started GET "/" for ::1 at 2019-04-13 22:16:50 -0700
Processing by StaticPagesController#index as HTML
  Rendering static_pages/index.html.erb within layouts/application
  Rendered shared/_main_nav.html.erb (0.5ms)
  Rendered shared/_masthead.html.erb (0.3ms)
  Rendered shared/_sections_nav.html.erb (0.4ms)
  Rendered shared/_search_modal.html.erb (0.3ms)
  Rendered shared/_main_content.html.erb (1.4ms)
  Rendered static_pages/index.html.erb within layouts/application (18.1ms)
Completed 200 OK in 152ms (Views: 148.4ms | ActiveRecord: 0.0ms)


Started GET "/assets/application.self-042fe5ac1f672ad5b10612f62549bb497acff3fb80aefa2b02edca315c466a40.css?body=1" for ::1 at 2019-04-13 22:16:51 -0700
Started GET "/assets/application.self-042fe5ac1f672ad5b10612f62549bb497acff3fb80aefa2b02edca315c466a40.css?body=1&livereload=1555219498134" for ::1 at 2019-04-13 22:24:58 -0700
Started GET "/assets/application.self-042fe5ac1f672ad5b10612f62549bb497acff3fb80aefa2b02edca315c466a40.css?body=1&livereload=1555219498138" for ::1 at 2019-04-13 22:24:58 -0700
Started GET "/assets/application.self-042fe5ac1f672ad5b10612f62549bb497acff3fb80aefa2b02edca315c466a40.css?body=1&livereload=1555219503506" for ::1 at 2019-04-13 22:25:03 -0700
Started GET "/assets/application.self-042fe5ac1f672ad5b10612f62549bb497acff3fb80aefa2b02edca315c466a40.css?body=1&livereload=1555219503508" for ::1 at 2019-04-13 22:25:03 -0700
Started GET "/" for ::1 at 2019-04-15 23:55:22 -0700
DEPRECATION WARNING: ActiveRecord::Base.raise_in_transactional_callbacks= is deprecated, has no effect and will be removed without replacement. (called from block (3 levels) in <class:Railtie> at /Users/cameroncarter/.rbenv/versions/2.5.1/lib/ruby/gems/2.5.0/gems/activerecord-5.0.7.2/lib/active_record/railtie.rb:113)
Processing by StaticPagesController#index as HTML
  Rendering static_pages/index.html.erb within layouts/application
  Rendered shared/_main_nav.html.erb (0.8ms)
  Rendered shared/_masthead.html.erb (0.3ms)
  Rendered shared/_sections_nav.html.erb (0.3ms)
  Rendered shared/_search_modal.html.erb (0.3ms)
  Rendered shared/_main_content.html.erb (0.3ms)
  Rendered static_pages/index.html.erb within layouts/application (19.5ms)
Completed 200 OK in 432ms (Views: 428.3ms | ActiveRecord: 0.0ms)


Started GET "/assets/jquery.self-bd7ddd393353a8d2480a622e80342adf488fb6006d667e8b42e4c0073393abee.js?body=1" for ::1 at 2019-04-15 23:55:23 -0700
Started GET "/assets/jquery_ujs.self-784a997f6726036b1993eb2217c9cb558e1cbb801c6da88105588c56f13b466a.js?body=1" for ::1 at 2019-04-15 23:55:23 -0700
Started GET "/assets/application.self-042fe5ac1f672ad5b10612f62549bb497acff3fb80aefa2b02edca315c466a40.css?body=1" for ::1 at 2019-04-15 23:55:23 -0700
Started GET "/assets/application.self-042fe5ac1f672ad5b10612f62549bb497acff3fb80aefa2b02edca315c466a40.css?body=1&livereload=1555398143029" for ::1 at 2019-04-16 00:02:23 -0700
Started GET "/assets/application.self-042fe5ac1f672ad5b10612f62549bb497acff3fb80aefa2b02edca315c466a40.css?body=1&livereload=1555398143024" for ::1 at 2019-04-16 00:02:23 -0700
DEPRECATION WARNING: ActiveRecord::Base.raise_in_transactional_callbacks= is deprecated, has no effect and will be removed without replacement. (called from block (3 levels) in <class:Railtie> at /Users/cameroncarter/.rbenv/versions/2.5.1/lib/ruby/gems/2.5.0/gems/activerecord-5.0.7.2/lib/active_record/railtie.rb:113)
Started GET "/assets/application.self-042fe5ac1f672ad5b10612f62549bb497acff3fb80aefa2b02edca315c466a40.css?body=1&livereload=1555398147552" for ::1 at 2019-04-16 00:02:27 -0700
Started GET "/assets/application.self-042fe5ac1f672ad5b10612f62549bb497acff3fb80aefa2b02edca315c466a40.css?body=1&livereload=1555398147553" for ::1 at 2019-04-16 00:02:27 -0700
Started GET "/assets/application.self-042fe5ac1f672ad5b10612f62549bb497acff3fb80aefa2b02edca315c466a40.css?body=1&livereload=1555398160832" for ::1 at 2019-04-16 00:02:40 -0700
Started GET "/assets/application.self-042fe5ac1f672ad5b10612f62549bb497acff3fb80aefa2b02edca315c466a40.css?body=1&livereload=1555398160834" for ::1 at 2019-04-16 00:02:40 -0700
Started GET "/" for ::1 at 2019-04-16 00:02:44 -0700
Processing by StaticPagesController#index as HTML
  Rendering static_pages/index.html.erb within layouts/application
  Rendered shared/_main_nav.html.erb (0.5ms)
  Rendered shared/_masthead.html.erb (0.9ms)
  Rendered shared/_sections_nav.html.erb (0.2ms)
  Rendered shared/_search_modal.html.erb (0.3ms)
  Rendered shared/_main_content.html.erb (0.2ms)
  Rendered static_pages/index.html.erb within layouts/application (20.4ms)
Completed 200 OK in 206ms (Views: 201.8ms | ActiveRecord: 0.0ms)


Started GET "/assets/application.self-dee6a74206a809cbccef1f91a23e476856529541057f70b6c1a6fc64e92e4423.css?body=1" for ::1 at 2019-04-16 00:02:44 -0700
Started GET "/assets/application.self-dee6a74206a809cbccef1f91a23e476856529541057f70b6c1a6fc64e92e4423.css?body=1&livereload=1555398309223" for ::1 at 2019-04-16 00:05:09 -0700
Started GET "/assets/application.self-dee6a74206a809cbccef1f91a23e476856529541057f70b6c1a6fc64e92e4423.css?body=1&livereload=1555398309227" for ::1 at 2019-04-16 00:05:09 -0700
Started GET "/assets/application.self-dee6a74206a809cbccef1f91a23e476856529541057f70b6c1a6fc64e92e4423.css?body=1&livereload=1555398316939" for ::1 at 2019-04-16 00:05:16 -0700
Started GET "/assets/application.self-dee6a74206a809cbccef1f91a23e476856529541057f70b6c1a6fc64e92e4423.css?body=1&livereload=1555398316942" for ::1 at 2019-04-16 00:05:16 -0700
Started GET "/" for ::1 at 2019-04-16 00:05:19 -0700
Processing by StaticPagesController#index as HTML
  Rendering static_pages/index.html.erb within layouts/application
  Rendered shared/_main_nav.html.erb (0.3ms)
  Rendered shared/_masthead.html.erb (0.3ms)
  Rendered shared/_sections_nav.html.erb (0.3ms)
  Rendered shared/_search_modal.html.erb (0.3ms)
  Rendered shared/_main_content.html.erb (0.2ms)
  Rendered static_pages/index.html.erb within layouts/application (15.6ms)
Completed 200 OK in 46ms (Views: 43.6ms | ActiveRecord: 0.0ms)


Started GET "/assets/application.self-306a22e7a1ac0b3d2f0c8c0349bbe246b35e06320273d671099a63105399982f.css?body=1" for ::1 at 2019-04-16 00:05:19 -0700
Started GET "/" for ::1 at 2019-04-16 00:05:20 -0700
Processing by StaticPagesController#index as HTML
  Rendering static_pages/index.html.erb within layouts/application
  Rendered shared/_main_nav.html.erb (0.3ms)
  Rendered shared/_masthead.html.erb (0.4ms)
  Rendered shared/_sections_nav.html.erb (0.4ms)
  Rendered shared/_search_modal.html.erb (0.3ms)
  Rendered shared/_main_content.html.erb (0.3ms)
  Rendered static_pages/index.html.erb within layouts/application (16.0ms)
Completed 200 OK in 37ms (Views: 35.3ms | ActiveRecord: 0.0ms)


Started GET "/assets/application.self-306a22e7a1ac0b3d2f0c8c0349bbe246b35e06320273d671099a63105399982f.css?body=1&livereload=1555398324325" for ::1 at 2019-04-16 00:05:24 -0700
Started GET "/assets/application.self-306a22e7a1ac0b3d2f0c8c0349bbe246b35e06320273d671099a63105399982f.css?body=1&livereload=1555398324330" for ::1 at 2019-04-16 00:05:24 -0700
Started GET "/assets/application.self-306a22e7a1ac0b3d2f0c8c0349bbe246b35e06320273d671099a63105399982f.css?body=1&livereload=1555398357881" for ::1 at 2019-04-16 00:05:57 -0700
Started GET "/assets/application.self-306a22e7a1ac0b3d2f0c8c0349bbe246b35e06320273d671099a63105399982f.css?body=1&livereload=1555398357885" for ::1 at 2019-04-16 00:05:57 -0700
Started GET "/assets/application.self-306a22e7a1ac0b3d2f0c8c0349bbe246b35e06320273d671099a63105399982f.css?body=1&livereload=1555398374321" for ::1 at 2019-04-16 00:06:14 -0700
Started GET "/assets/application.self-306a22e7a1ac0b3d2f0c8c0349bbe246b35e06320273d671099a63105399982f.css?body=1&livereload=1555398374323" for ::1 at 2019-04-16 00:06:14 -0700
Started GET "/assets/application.self-306a22e7a1ac0b3d2f0c8c0349bbe246b35e06320273d671099a63105399982f.css?body=1&livereload=1555398386664" for ::1 at 2019-04-16 00:06:26 -0700
Started GET "/assets/application.self-306a22e7a1ac0b3d2f0c8c0349bbe246b35e06320273d671099a63105399982f.css?body=1&livereload=1555398386666" for ::1 at 2019-04-16 00:06:26 -0700
Started GET "/assets/application.self-306a22e7a1ac0b3d2f0c8c0349bbe246b35e06320273d671099a63105399982f.css?body=1&livereload=1555398467447" for ::1 at 2019-04-16 00:07:47 -0700
Started GET "/assets/application.self-306a22e7a1ac0b3d2f0c8c0349bbe246b35e06320273d671099a63105399982f.css?body=1&livereload=1555398467449" for ::1 at 2019-04-16 00:07:47 -0700
Started GET "/assets/application.self-306a22e7a1ac0b3d2f0c8c0349bbe246b35e06320273d671099a63105399982f.css?body=1&livereload=1555398538958" for ::1 at 2019-04-16 00:08:58 -0700
Started GET "/assets/application.self-306a22e7a1ac0b3d2f0c8c0349bbe246b35e06320273d671099a63105399982f.css?body=1&livereload=1555398538960" for ::1 at 2019-04-16 00:08:58 -0700
Started GET "/assets/application.self-306a22e7a1ac0b3d2f0c8c0349bbe246b35e06320273d671099a63105399982f.css?body=1&livereload=1555398553001" for ::1 at 2019-04-16 00:09:13 -0700
Started GET "/assets/application.self-306a22e7a1ac0b3d2f0c8c0349bbe246b35e06320273d671099a63105399982f.css?body=1&livereload=1555398553004" for ::1 at 2019-04-16 00:09:13 -0700
Started GET "/assets/application.self-306a22e7a1ac0b3d2f0c8c0349bbe246b35e06320273d671099a63105399982f.css?body=1&livereload=1555398565982" for ::1 at 2019-04-16 00:09:25 -0700
Started GET "/assets/application.self-306a22e7a1ac0b3d2f0c8c0349bbe246b35e06320273d671099a63105399982f.css?body=1&livereload=1555398565984" for ::1 at 2019-04-16 00:09:25 -0700
Started GET "/" for ::1 at 2019-04-16 00:09:28 -0700
Processing by StaticPagesController#index as HTML
  Rendering static_pages/index.html.erb within layouts/application
  Rendered shared/_main_nav.html.erb (0.4ms)
  Rendered shared/_masthead.html.erb (0.5ms)
  Rendered shared/_sections_nav.html.erb (0.3ms)
  Rendered shared/_search_modal.html.erb (0.2ms)
  Rendered shared/_main_content.html.erb (0.3ms)
  Rendered static_pages/index.html.erb within layouts/application (19.3ms)
Completed 200 OK in 50ms (Views: 46.7ms | ActiveRecord: 0.0ms)


Started GET "/assets/application.self-e9e559692eaaeae20ddb987715d35c331871360dead27db4a1dc06c430b37cdd.css?body=1" for ::1 at 2019-04-16 00:09:28 -0700
Started GET "/assets/application.self-e9e559692eaaeae20ddb987715d35c331871360dead27db4a1dc06c430b37cdd.css?body=1&livereload=1555400046173" for ::1 at 2019-04-16 00:34:06 -0700
Started GET "/assets/application.self-e9e559692eaaeae20ddb987715d35c331871360dead27db4a1dc06c430b37cdd.css?body=1&livereload=1555400046175" for ::1 at 2019-04-16 00:34:06 -0700
Started GET "/assets/application.self-e9e559692eaaeae20ddb987715d35c331871360dead27db4a1dc06c430b37cdd.css?body=1&livereload=1555400057967" for ::1 at 2019-04-16 00:34:17 -0700
Started GET "/assets/application.self-e9e559692eaaeae20ddb987715d35c331871360dead27db4a1dc06c430b37cdd.css?body=1&livereload=1555400057970" for ::1 at 2019-04-16 00:34:17 -0700
Started GET "/" for ::1 at 2019-04-16 00:34:23 -0700
Processing by StaticPagesController#index as HTML
  Rendering static_pages/index.html.erb within layouts/application
  Rendered shared/_main_nav.html.erb (0.4ms)
  Rendered shared/_masthead.html.erb (0.3ms)
  Rendered shared/_sections_nav.html.erb (0.2ms)
  Rendered shared/_search_modal.html.erb (0.2ms)
  Rendered shared/_main_content.html.erb (0.3ms)
  Rendered static_pages/index.html.erb within layouts/application (14.2ms)
Completed 200 OK in 40ms (Views: 37.6ms | ActiveRecord: 0.0ms)


Started GET "/assets/application.self-de5c13409c567878d9ffb51ef15f35c48ba41c58fed287af47cb90b1c425121c.css?body=1" for ::1 at 2019-04-16 00:34:23 -0700
Started GET "/assets/application.self-de5c13409c567878d9ffb51ef15f35c48ba41c58fed287af47cb90b1c425121c.css?body=1&livereload=1555400745545" for ::1 at 2019-04-16 00:45:45 -0700
Started GET "/assets/application.self-de5c13409c567878d9ffb51ef15f35c48ba41c58fed287af47cb90b1c425121c.css?body=1&livereload=1555400745550" for ::1 at 2019-04-16 00:45:45 -0700
Started GET "/assets/application.self-de5c13409c567878d9ffb51ef15f35c48ba41c58fed287af47cb90b1c425121c.css?body=1&livereload=1555400762561" for ::1 at 2019-04-16 00:46:02 -0700
Started GET "/assets/application.self-de5c13409c567878d9ffb51ef15f35c48ba41c58fed287af47cb90b1c425121c.css?body=1&livereload=1555400762563" for ::1 at 2019-04-16 00:46:02 -0700
Started GET "/assets/application.self-de5c13409c567878d9ffb51ef15f35c48ba41c58fed287af47cb90b1c425121c.css?body=1&livereload=1555400844452" for ::1 at 2019-04-16 00:47:24 -0700
Started GET "/assets/application.self-de5c13409c567878d9ffb51ef15f35c48ba41c58fed287af47cb90b1c425121c.css?body=1&livereload=1555400844455" for ::1 at 2019-04-16 00:47:24 -0700
Started GET "/" for ::1 at 2019-04-16 00:47:29 -0700
Processing by StaticPagesController#index as HTML
  Rendering static_pages/index.html.erb within layouts/application
  Rendered shared/_main_nav.html.erb (0.3ms)
  Rendered shared/_masthead.html.erb (0.2ms)
  Rendered shared/_sections_nav.html.erb (0.7ms)
  Rendered shared/_search_modal.html.erb (0.4ms)
  Rendered shared/_main_content.html.erb (0.3ms)
  Rendered static_pages/index.html.erb within layouts/application (18.5ms)
Completed 200 OK in 49ms (Views: 47.1ms | ActiveRecord: 0.0ms)


Started GET "/assets/application.self-032015d5d78f9ab18077b349313d09bb91ad9baad45538c9528b06e724c8b1df.css?body=1" for ::1 at 2019-04-16 00:47:29 -0700
Started GET "/assets/application.self-032015d5d78f9ab18077b349313d09bb91ad9baad45538c9528b06e724c8b1df.css?body=1&livereload=1555400955366" for ::1 at 2019-04-16 00:49:15 -0700
Started GET "/assets/application.self-032015d5d78f9ab18077b349313d09bb91ad9baad45538c9528b06e724c8b1df.css?body=1&livereload=1555400955370" for ::1 at 2019-04-16 00:49:15 -0700
Started GET "/assets/application.self-032015d5d78f9ab18077b349313d09bb91ad9baad45538c9528b06e724c8b1df.css?body=1&livereload=1555400990764" for ::1 at 2019-04-16 00:49:50 -0700
Started GET "/assets/application.self-032015d5d78f9ab18077b349313d09bb91ad9baad45538c9528b06e724c8b1df.css?body=1&livereload=1555400990765" for ::1 at 2019-04-16 00:49:50 -0700
Started GET "/" for ::1 at 2019-04-16 00:50:24 -0700
Processing by StaticPagesController#index as HTML
  Rendering static_pages/index.html.erb within layouts/application
  Rendered shared/_main_nav.html.erb (0.6ms)
  Rendered shared/_masthead.html.erb (0.5ms)
  Rendered shared/_sections_nav.html.erb (0.3ms)
  Rendered shared/_search_modal.html.erb (0.3ms)
  Rendered shared/_main_content.html.erb (0.4ms)
  Rendered static_pages/index.html.erb within layouts/application (16.9ms)
Completed 200 OK in 46ms (Views: 44.2ms | ActiveRecord: 0.0ms)


Started GET "/assets/application.self-ed9386eed150af57453379f6c897e3273427767265e33808cf372492261cfca6.css?body=1" for ::1 at 2019-04-16 00:50:24 -0700
Started GET "/assets/application.self-ed9386eed150af57453379f6c897e3273427767265e33808cf372492261cfca6.css?body=1&livereload=1555401130586" for ::1 at 2019-04-16 00:52:10 -0700
Started GET "/assets/application.self-ed9386eed150af57453379f6c897e3273427767265e33808cf372492261cfca6.css?body=1&livereload=1555401130590" for ::1 at 2019-04-16 00:52:10 -0700
Started GET "/" for ::1 at 2019-04-16 00:53:30 -0700
Started GET "/" for ::1 at 2019-04-16 00:53:30 -0700
Processing by StaticPagesController#index as HTML
  Rendering static_pages/index.html.erb within layouts/application
Processing by StaticPagesController#index as HTML
  Rendered shared/_main_nav.html.erb (0.3ms)
  Rendered shared/_masthead.html.erb (0.5ms)
  Rendering static_pages/index.html.erb within layouts/application
  Rendered shared/_sections_nav.html.erb (0.3ms)
  Rendered shared/_main_nav.html.erb (0.0ms)
  Rendered shared/_masthead.html.erb (0.1ms)
  Rendered shared/_search_modal.html.erb (0.4ms)
  Rendered shared/_main_content.html.erb (0.4ms)
  Rendered static_pages/index.html.erb within layouts/application (33.3ms)
  Rendered shared/_sections_nav.html.erb (0.0ms)
  Rendered shared/_search_modal.html.erb (0.0ms)
  Rendered shared/_main_content.html.erb (0.0ms)
  Rendered static_pages/index.html.erb within layouts/application (21.9ms)
Completed 200 OK in 85ms (Views: 80.7ms | ActiveRecord: 0.0ms)


Completed 200 OK in 78ms (Views: 72.4ms | ActiveRecord: 0.0ms)


Started GET "/" for ::1 at 2019-04-16 00:54:37 -0700
Processing by StaticPagesController#index as HTML
  Rendering static_pages/index.html.erb within layouts/application
  Rendered shared/_main_nav.html.erb (0.3ms)
  Rendered shared/_masthead.html.erb (0.3ms)
  Rendered shared/_sections_nav.html.erb (0.4ms)
  Rendered shared/_search_modal.html.erb (0.7ms)
  Rendered shared/_main_content.html.erb (0.3ms)
  Rendered static_pages/index.html.erb within layouts/application (15.9ms)
Completed 200 OK in 45ms (Views: 39.0ms | ActiveRecord: 0.0ms)


Started GET "/" for ::1 at 2019-04-16 00:55:05 -0700
Processing by StaticPagesController#index as HTML
  Rendering static_pages/index.html.erb within layouts/application
  Rendered shared/_main_nav.html.erb (0.3ms)
  Rendered shared/_masthead.html.erb (2.2ms)
  Rendered shared/_sections_nav.html.erb (0.3ms)
  Rendered shared/_search_modal.html.erb (0.4ms)
  Rendered shared/_main_content.html.erb (0.3ms)
  Rendered static_pages/index.html.erb within layouts/application (18.7ms)
Completed 200 OK in 53ms (Views: 47.8ms | ActiveRecord: 0.0ms)


Started GET "/" for ::1 at 2019-04-16 00:56:38 -0700
Processing by StaticPagesController#index as HTML
  Rendering static_pages/index.html.erb within layouts/application
  Rendered shared/_main_nav.html.erb (0.6ms)
  Rendered shared/_masthead.html.erb (0.5ms)
  Rendered shared/_sections_nav.html.erb (0.2ms)
  Rendered shared/_search_modal.html.erb (0.3ms)
  Rendered shared/_main_content.html.erb (0.5ms)
  Rendered static_pages/index.html.erb within layouts/application (17.5ms)
Completed 200 OK in 49ms (Views: 44.8ms | ActiveRecord: 0.0ms)


Started GET "/" for ::1 at 2019-04-16 00:57:14 -0700
Processing by StaticPagesController#index as HTML
  Rendering static_pages/index.html.erb within layouts/application
  Rendered shared/_main_nav.html.erb (0.3ms)
  Rendered shared/_masthead.html.erb (0.4ms)
  Rendered shared/_sections_nav.html.erb (0.7ms)
  Rendered shared/_search_modal.html.erb (0.2ms)
  Rendered shared/_main_content.html.erb (0.3ms)
  Rendered static_pages/index.html.erb within layouts/application (15.4ms)
Completed 200 OK in 42ms (Views: 38.5ms | ActiveRecord: 0.0ms)


Started GET "/" for ::1 at 2019-04-16 00:57:24 -0700
Processing by StaticPagesController#index as HTML
  Rendering static_pages/index.html.erb within layouts/application
  Rendered shared/_main_nav.html.erb (0.4ms)
  Rendered shared/_masthead.html.erb (0.3ms)
  Rendered shared/_sections_nav.html.erb (0.3ms)
  Rendered shared/_search_modal.html.erb (0.3ms)
  Rendered shared/_main_content.html.erb (0.3ms)
  Rendered static_pages/index.html.erb within layouts/application (34.0ms)
Completed 200 OK in 80ms (Views: 77.5ms | ActiveRecord: 0.0ms)


Started GET "/" for ::1 at 2019-04-16 00:57:31 -0700
Processing by StaticPagesController#index as HTML
  Rendering static_pages/index.html.erb within layouts/application
  Rendered shared/_main_nav.html.erb (0.3ms)
  Rendered shared/_masthead.html.erb (0.2ms)
  Rendered shared/_sections_nav.html.erb (0.3ms)
  Rendered shared/_search_modal.html.erb (0.4ms)
  Rendered shared/_main_content.html.erb (0.3ms)
  Rendered static_pages/index.html.erb within layouts/application (15.0ms)
Completed 200 OK in 37ms (Views: 35.0ms | ActiveRecord: 0.0ms)


Started GET "/assets/application.self-ed9386eed150af57453379f6c897e3273427767265e33808cf372492261cfca6.css?body=1&livereload=1555401534900" for ::1 at 2019-04-16 00:58:54 -0700
Started GET "/assets/application.self-ed9386eed150af57453379f6c897e3273427767265e33808cf372492261cfca6.css?body=1&livereload=1555401534904" for ::1 at 2019-04-16 00:58:54 -0700
Started GET "/" for ::1 at 2019-04-16 00:59:46 -0700
Processing by StaticPagesController#index as HTML
  Rendering static_pages/index.html.erb within layouts/application
  Rendered shared/_main_nav.html.erb (0.7ms)
  Rendered shared/_masthead.html.erb (0.3ms)
  Rendered shared/_sections_nav.html.erb (0.3ms)
  Rendered shared/_search_modal.html.erb (0.7ms)
  Rendered shared/_main_content.html.erb (0.6ms)
  Rendered static_pages/index.html.erb within layouts/application (18.8ms)
Completed 500 Internal Server Error in 61ms (ActiveRecord: 0.0ms)



Sass::SyntaxError - Invalid CSS after "	border-color": expected ";", was ":":
  app/views/layouts/application.html.erb:7:in `_app_views_layouts_application_html_erb__3552400462348637639_70193950438720'

Started POST "/__better_errors/94dfbc4e0d75ba76/variables" for ::1 at 2019-04-16 00:59:46 -0700
Started GET "/" for ::1 at 2019-04-16 00:59:56 -0700
Processing by StaticPagesController#index as HTML
  Rendering static_pages/index.html.erb within layouts/application
  Rendered shared/_main_nav.html.erb (0.5ms)
  Rendered shared/_masthead.html.erb (0.5ms)
  Rendered shared/_sections_nav.html.erb (0.3ms)
  Rendered shared/_search_modal.html.erb (0.3ms)
  Rendered shared/_main_content.html.erb (0.4ms)
  Rendered static_pages/index.html.erb within layouts/application (19.3ms)
Completed 500 Internal Server Error in 57ms (ActiveRecord: 0.0ms)



Sass::SyntaxError - Invalid CSS after "	border-color": expected ";", was ":":
  app/views/layouts/application.html.erb:7:in `_app_views_layouts_application_html_erb__3552400462348637639_70193949770180'

Started POST "/__better_errors/09cd37e453ead6c2/variables" for ::1 at 2019-04-16 00:59:56 -0700
Started GET "/" for ::1 at 2019-04-16 01:00:14 -0700
Processing by StaticPagesController#index as HTML
  Rendering static_pages/index.html.erb within layouts/application
  Rendered shared/_main_nav.html.erb (0.3ms)
  Rendered shared/_masthead.html.erb (1.2ms)
  Rendered shared/_sections_nav.html.erb (0.3ms)
  Rendered shared/_search_modal.html.erb (0.2ms)
  Rendered shared/_main_content.html.erb (0.2ms)
  Rendered static_pages/index.html.erb within layouts/application (14.1ms)
Completed 200 OK in 36ms (Views: 33.9ms | ActiveRecord: 0.0ms)


Started GET "/" for ::1 at 2019-04-16 01:00:29 -0700
Processing by StaticPagesController#index as HTML
  Rendering static_pages/index.html.erb within layouts/application
  Rendered shared/_main_nav.html.erb (0.4ms)
  Rendered shared/_masthead.html.erb (0.3ms)
  Rendered shared/_sections_nav.html.erb (0.6ms)
  Rendered shared/_search_modal.html.erb (0.4ms)
  Rendered shared/_main_content.html.erb (0.4ms)
  Rendered static_pages/index.html.erb within layouts/application (22.2ms)
Completed 200 OK in 60ms (Views: 54.0ms | ActiveRecord: 0.0ms)


Started GET "/assets/application.self-ed9386eed150af57453379f6c897e3273427767265e33808cf372492261cfca6.css?body=1&livereload=1555401709240" for ::1 at 2019-04-16 01:01:49 -0700
Started GET "/assets/application.self-ed9386eed150af57453379f6c897e3273427767265e33808cf372492261cfca6.css?body=1&livereload=1555401709243" for ::1 at 2019-04-16 01:01:49 -0700
Started GET "/assets/application.self-ed9386eed150af57453379f6c897e3273427767265e33808cf372492261cfca6.css?body=1&livereload=1555401710711" for ::1 at 2019-04-16 01:01:50 -0700
Started GET "/assets/application.self-ed9386eed150af57453379f6c897e3273427767265e33808cf372492261cfca6.css?body=1&livereload=1555401710713" for ::1 at 2019-04-16 01:01:50 -0700
Started GET "/assets/application.self-ed9386eed150af57453379f6c897e3273427767265e33808cf372492261cfca6.css?body=1&livereload=1555401736140" for ::1 at 2019-04-16 01:02:16 -0700
Started GET "/assets/application.self-ed9386eed150af57453379f6c897e3273427767265e33808cf372492261cfca6.css?body=1&livereload=1555401736143" for ::1 at 2019-04-16 01:02:16 -0700
Started GET "/assets/application.self-ed9386eed150af57453379f6c897e3273427767265e33808cf372492261cfca6.css?body=1&livereload=1555401774990" for ::1 at 2019-04-16 01:02:54 -0700
Started GET "/assets/application.self-ed9386eed150af57453379f6c897e3273427767265e33808cf372492261cfca6.css?body=1&livereload=1555401774992" for ::1 at 2019-04-16 01:02:55 -0700
Started GET "/assets/application.self-ed9386eed150af57453379f6c897e3273427767265e33808cf372492261cfca6.css?body=1&livereload=1555401775837" for ::1 at 2019-04-16 01:02:55 -0700
Started GET "/assets/application.self-ed9386eed150af57453379f6c897e3273427767265e33808cf372492261cfca6.css?body=1&livereload=1555401775840" for ::1 at 2019-04-16 01:02:55 -0700
Started GET "/assets/application.self-ed9386eed150af57453379f6c897e3273427767265e33808cf372492261cfca6.css?body=1&livereload=1555401794985" for ::1 at 2019-04-16 01:03:14 -0700
Started GET "/assets/application.self-ed9386eed150af57453379f6c897e3273427767265e33808cf372492261cfca6.css?body=1&livereload=1555401794989" for ::1 at 2019-04-16 01:03:14 -0700
Started GET "/assets/application.self-ed9386eed150af57453379f6c897e3273427767265e33808cf372492261cfca6.css?body=1&livereload=1555401804480" for ::1 at 2019-04-16 01:03:24 -0700
Started GET "/assets/application.self-ed9386eed150af57453379f6c897e3273427767265e33808cf372492261cfca6.css?body=1&livereload=1555401804482" for ::1 at 2019-04-16 01:03:24 -0700
Started GET "/assets/application.self-ed9386eed150af57453379f6c897e3273427767265e33808cf372492261cfca6.css?body=1&livereload=1555401813212" for ::1 at 2019-04-16 01:03:33 -0700
Started GET "/assets/application.self-ed9386eed150af57453379f6c897e3273427767265e33808cf372492261cfca6.css?body=1&livereload=1555401813214" for ::1 at 2019-04-16 01:03:33 -0700
Started GET "/assets/application.self-ed9386eed150af57453379f6c897e3273427767265e33808cf372492261cfca6.css?body=1&livereload=1555401826115" for ::1 at 2019-04-16 01:03:46 -0700
Started GET "/assets/application.self-ed9386eed150af57453379f6c897e3273427767265e33808cf372492261cfca6.css?body=1&livereload=1555401826117" for ::1 at 2019-04-16 01:03:46 -0700
Started GET "/assets/application.self-ed9386eed150af57453379f6c897e3273427767265e33808cf372492261cfca6.css?body=1&livereload=1555401834746" for ::1 at 2019-04-16 01:03:54 -0700
Started GET "/assets/application.self-ed9386eed150af57453379f6c897e3273427767265e33808cf372492261cfca6.css?body=1&livereload=1555401834748" for ::1 at 2019-04-16 01:03:54 -0700
Started GET "/assets/application.self-ed9386eed150af57453379f6c897e3273427767265e33808cf372492261cfca6.css?body=1&livereload=1555401839013" for ::1 at 2019-04-16 01:03:59 -0700
Started GET "/assets/application.self-ed9386eed150af57453379f6c897e3273427767265e33808cf372492261cfca6.css?body=1&livereload=1555401839015" for ::1 at 2019-04-16 01:03:59 -0700
Started GET "/" for ::1 at 2019-04-16 01:04:06 -0700
Processing by StaticPagesController#index as HTML
  Rendering static_pages/index.html.erb within layouts/application
  Rendered shared/_main_nav.html.erb (0.3ms)
  Rendered shared/_masthead.html.erb (0.5ms)
  Rendered shared/_sections_nav.html.erb (0.5ms)
  Rendered shared/_search_modal.html.erb (0.2ms)
  Rendered shared/_main_content.html.erb (0.3ms)
  Rendered static_pages/index.html.erb within layouts/application (19.0ms)
Completed 200 OK in 54ms (Views: 50.2ms | ActiveRecord: 0.0ms)


Started GET "/assets/application.self-73c75bb3afd2d2444e6b438b0106de150466b2d5a35cbad0277fac60fe696cc8.css?body=1" for ::1 at 2019-04-16 01:04:06 -0700
Started GET "/assets/application.self-73c75bb3afd2d2444e6b438b0106de150466b2d5a35cbad0277fac60fe696cc8.css?body=1&livereload=1555401877198" for ::1 at 2019-04-16 01:04:37 -0700
Started GET "/assets/application.self-73c75bb3afd2d2444e6b438b0106de150466b2d5a35cbad0277fac60fe696cc8.css?body=1&livereload=1555401877202" for ::1 at 2019-04-16 01:04:37 -0700
Started GET "/assets/application.self-73c75bb3afd2d2444e6b438b0106de150466b2d5a35cbad0277fac60fe696cc8.css?body=1&livereload=1555401893125" for ::1 at 2019-04-16 01:04:53 -0700
Started GET "/assets/application.self-73c75bb3afd2d2444e6b438b0106de150466b2d5a35cbad0277fac60fe696cc8.css?body=1&livereload=1555401893126" for ::1 at 2019-04-16 01:04:53 -0700
Started GET "/" for ::1 at 2019-04-16 01:04:55 -0700
Processing by StaticPagesController#index as HTML
  Rendering static_pages/index.html.erb within layouts/application
  Rendered shared/_main_nav.html.erb (0.9ms)
  Rendered shared/_masthead.html.erb (0.4ms)
  Rendered shared/_sections_nav.html.erb (0.2ms)
  Rendered shared/_search_modal.html.erb (0.4ms)
  Rendered shared/_main_content.html.erb (0.2ms)
  Rendered static_pages/index.html.erb within layouts/application (16.5ms)
Completed 200 OK in 44ms (Views: 42.3ms | ActiveRecord: 0.0ms)


Started GET "/assets/application.self-c90c78d77966e4dc3bbe43b54053605f00fa770b745ec6b45918cb558dea70aa.css?body=1" for ::1 at 2019-04-16 01:04:55 -0700
Started GET "/" for ::1 at 2019-04-16 01:05:19 -0700
Processing by StaticPagesController#index as HTML
  Rendering static_pages/index.html.erb within layouts/application
  Rendered shared/_main_nav.html.erb (0.4ms)
  Rendered shared/_masthead.html.erb (0.2ms)
  Rendered shared/_sections_nav.html.erb (0.3ms)
  Rendered shared/_search_modal.html.erb (0.6ms)
  Rendered shared/_main_content.html.erb (0.4ms)
  Rendered static_pages/index.html.erb within layouts/application (24.2ms)
Completed 200 OK in 60ms (Views: 55.3ms | ActiveRecord: 0.0ms)


Started GET "/assets/application.self-c90c78d77966e4dc3bbe43b54053605f00fa770b745ec6b45918cb558dea70aa.css?body=1&livereload=1555401940564" for ::1 at 2019-04-16 01:05:40 -0700
Started GET "/assets/application.self-c90c78d77966e4dc3bbe43b54053605f00fa770b745ec6b45918cb558dea70aa.css?body=1&livereload=1555401940567" for ::1 at 2019-04-16 01:05:40 -0700
Started GET "/assets/application.self-c90c78d77966e4dc3bbe43b54053605f00fa770b745ec6b45918cb558dea70aa.css?body=1&livereload=1555401959212" for ::1 at 2019-04-16 01:05:59 -0700
Started GET "/assets/application.self-c90c78d77966e4dc3bbe43b54053605f00fa770b745ec6b45918cb558dea70aa.css?body=1&livereload=1555401959209" for ::1 at 2019-04-16 01:05:59 -0700
Started GET "/assets/application.self-c90c78d77966e4dc3bbe43b54053605f00fa770b745ec6b45918cb558dea70aa.css?body=1&livereload=1555401961059" for ::1 at 2019-04-16 01:06:01 -0700
Started GET "/assets/application.self-c90c78d77966e4dc3bbe43b54053605f00fa770b745ec6b45918cb558dea70aa.css?body=1&livereload=1555401961061" for ::1 at 2019-04-16 01:06:01 -0700
Started GET "/assets/application.self-c90c78d77966e4dc3bbe43b54053605f00fa770b745ec6b45918cb558dea70aa.css?body=1&livereload=1555401972020" for ::1 at 2019-04-16 01:06:12 -0700
Started GET "/assets/application.self-c90c78d77966e4dc3bbe43b54053605f00fa770b745ec6b45918cb558dea70aa.css?body=1&livereload=1555401972021" for ::1 at 2019-04-16 01:06:12 -0700
Started GET "/assets/application.self-c90c78d77966e4dc3bbe43b54053605f00fa770b745ec6b45918cb558dea70aa.css?body=1&livereload=1555402008097" for ::1 at 2019-04-16 01:06:48 -0700
Started GET "/assets/application.self-c90c78d77966e4dc3bbe43b54053605f00fa770b745ec6b45918cb558dea70aa.css?body=1&livereload=1555402008099" for ::1 at 2019-04-16 01:06:48 -0700
Started GET "/assets/application.self-c90c78d77966e4dc3bbe43b54053605f00fa770b745ec6b45918cb558dea70aa.css?body=1&livereload=1555402073930" for ::1 at 2019-04-16 01:07:53 -0700
Started GET "/assets/application.self-c90c78d77966e4dc3bbe43b54053605f00fa770b745ec6b45918cb558dea70aa.css?body=1&livereload=1555402073935" for ::1 at 2019-04-16 01:07:53 -0700
Started GET "/assets/application.self-c90c78d77966e4dc3bbe43b54053605f00fa770b745ec6b45918cb558dea70aa.css?body=1&livereload=1555402095573" for ::1 at 2019-04-16 01:08:15 -0700
Started GET "/assets/application.self-c90c78d77966e4dc3bbe43b54053605f00fa770b745ec6b45918cb558dea70aa.css?body=1&livereload=1555402095571" for ::1 at 2019-04-16 01:08:15 -0700
Started GET "/assets/application.self-c90c78d77966e4dc3bbe43b54053605f00fa770b745ec6b45918cb558dea70aa.css?body=1&livereload=1555402108548" for ::1 at 2019-04-16 01:08:28 -0700
Started GET "/assets/application.self-c90c78d77966e4dc3bbe43b54053605f00fa770b745ec6b45918cb558dea70aa.css?body=1&livereload=1555402108550" for ::1 at 2019-04-16 01:08:28 -0700
Started GET "/" for ::1 at 2019-04-16 01:08:32 -0700
Processing by StaticPagesController#index as HTML
  Rendering static_pages/index.html.erb within layouts/application
  Rendered shared/_main_nav.html.erb (0.3ms)
  Rendered shared/_masthead.html.erb (0.2ms)
  Rendered shared/_sections_nav.html.erb (0.5ms)
  Rendered shared/_search_modal.html.erb (0.3ms)
  Rendered shared/_main_content.html.erb (0.2ms)
  Rendered static_pages/index.html.erb within layouts/application (15.0ms)
Completed 200 OK in 43ms (Views: 38.4ms | ActiveRecord: 0.0ms)


Started GET "/assets/application.self-7db3f5a34140f4097e6372f6a453699cad22cd10b8fe74d963910ff058c831a4.css?body=1" for ::1 at 2019-04-16 01:08:32 -0700
Started GET "/assets/application.self-7db3f5a34140f4097e6372f6a453699cad22cd10b8fe74d963910ff058c831a4.css?body=1&livereload=1555402230150" for ::1 at 2019-04-16 01:10:30 -0700
Started GET "/assets/application.self-7db3f5a34140f4097e6372f6a453699cad22cd10b8fe74d963910ff058c831a4.css?body=1&livereload=1555402230154" for ::1 at 2019-04-16 01:10:30 -0700
Started GET "/assets/application.self-7db3f5a34140f4097e6372f6a453699cad22cd10b8fe74d963910ff058c831a4.css?body=1&livereload=1555402239675" for ::1 at 2019-04-16 01:10:39 -0700
Started GET "/assets/application.self-7db3f5a34140f4097e6372f6a453699cad22cd10b8fe74d963910ff058c831a4.css?body=1&livereload=1555402239677" for ::1 at 2019-04-16 01:10:39 -0700
Started GET "/assets/application.self-7db3f5a34140f4097e6372f6a453699cad22cd10b8fe74d963910ff058c831a4.css?body=1&livereload=1555402250495" for ::1 at 2019-04-16 01:10:50 -0700
Started GET "/assets/application.self-7db3f5a34140f4097e6372f6a453699cad22cd10b8fe74d963910ff058c831a4.css?body=1&livereload=1555402250498" for ::1 at 2019-04-16 01:10:50 -0700
Started GET "/assets/application.self-7db3f5a34140f4097e6372f6a453699cad22cd10b8fe74d963910ff058c831a4.css?body=1&livereload=1555402263851" for ::1 at 2019-04-16 01:11:03 -0700
Started GET "/assets/application.self-7db3f5a34140f4097e6372f6a453699cad22cd10b8fe74d963910ff058c831a4.css?body=1&livereload=1555402263855" for ::1 at 2019-04-16 01:11:03 -0700
Started GET "/assets/application.self-7db3f5a34140f4097e6372f6a453699cad22cd10b8fe74d963910ff058c831a4.css?body=1&livereload=1555402282219" for ::1 at 2019-04-16 01:11:22 -0700
Started GET "/assets/application.self-7db3f5a34140f4097e6372f6a453699cad22cd10b8fe74d963910ff058c831a4.css?body=1&livereload=1555402282222" for ::1 at 2019-04-16 01:11:22 -0700
Started GET "/assets/application.self-7db3f5a34140f4097e6372f6a453699cad22cd10b8fe74d963910ff058c831a4.css?body=1&livereload=1555402338898" for ::1 at 2019-04-16 01:12:18 -0700
Started GET "/assets/application.self-7db3f5a34140f4097e6372f6a453699cad22cd10b8fe74d963910ff058c831a4.css?body=1&livereload=1555402338900" for ::1 at 2019-04-16 01:12:18 -0700
Started GET "/assets/application.self-7db3f5a34140f4097e6372f6a453699cad22cd10b8fe74d963910ff058c831a4.css?body=1&livereload=1555402376699" for ::1 at 2019-04-16 01:12:56 -0700
Started GET "/assets/application.self-7db3f5a34140f4097e6372f6a453699cad22cd10b8fe74d963910ff058c831a4.css?body=1&livereload=1555402376705" for ::1 at 2019-04-16 01:12:56 -0700
Started GET "/assets/application.self-7db3f5a34140f4097e6372f6a453699cad22cd10b8fe74d963910ff058c831a4.css?body=1&livereload=1555402387828" for ::1 at 2019-04-16 01:13:07 -0700
Started GET "/assets/application.self-7db3f5a34140f4097e6372f6a453699cad22cd10b8fe74d963910ff058c831a4.css?body=1&livereload=1555402387830" for ::1 at 2019-04-16 01:13:07 -0700
Started GET "/" for ::1 at 2019-04-16 01:13:38 -0700
Processing by StaticPagesController#index as HTML
  Rendering static_pages/index.html.erb within layouts/application
  Rendered shared/_main_nav.html.erb (0.3ms)
  Rendered shared/_masthead.html.erb (0.3ms)
  Rendered shared/_sections_nav.html.erb (0.6ms)
  Rendered shared/_search_modal.html.erb (0.3ms)
  Rendered shared/_main_content.html.erb (0.3ms)
  Rendered static_pages/index.html.erb within layouts/application (13.9ms)
Completed 200 OK in 39ms (Views: 36.5ms | ActiveRecord: 0.0ms)


Started GET "/assets/application.self-aa08eaa9dd78a1a2a7a4837e7022b7de950064f1a3aa78f938fd18f7a32fd8cb.css?body=1" for ::1 at 2019-04-16 01:13:38 -0700
Started GET "/" for ::1 at 2019-04-16 01:14:01 -0700
Processing by StaticPagesController#index as HTML
  Rendering static_pages/index.html.erb within layouts/application
  Rendered shared/_main_nav.html.erb (0.3ms)
  Rendered shared/_masthead.html.erb (0.7ms)
  Rendered shared/_sections_nav.html.erb (0.7ms)
  Rendered shared/_search_modal.html.erb (0.2ms)
  Rendered shared/_main_content.html.erb (0.3ms)
  Rendered static_pages/index.html.erb within layouts/application (17.4ms)
Completed 200 OK in 51ms (Views: 47.5ms | ActiveRecord: 0.0ms)


Started GET "/assets/application.self-aa08eaa9dd78a1a2a7a4837e7022b7de950064f1a3aa78f938fd18f7a32fd8cb.css?body=1&livereload=1555402458611" for ::1 at 2019-04-16 01:14:18 -0700
Started GET "/assets/application.self-aa08eaa9dd78a1a2a7a4837e7022b7de950064f1a3aa78f938fd18f7a32fd8cb.css?body=1&livereload=1555402458614" for ::1 at 2019-04-16 01:14:18 -0700
Started GET "/assets/application.self-aa08eaa9dd78a1a2a7a4837e7022b7de950064f1a3aa78f938fd18f7a32fd8cb.css?body=1&livereload=1555402642560" for ::1 at 2019-04-16 01:17:22 -0700
Started GET "/assets/application.self-aa08eaa9dd78a1a2a7a4837e7022b7de950064f1a3aa78f938fd18f7a32fd8cb.css?body=1&livereload=1555402642563" for ::1 at 2019-04-16 01:17:22 -0700
Started GET "/assets/application.self-aa08eaa9dd78a1a2a7a4837e7022b7de950064f1a3aa78f938fd18f7a32fd8cb.css?body=1&livereload=1555402663729" for ::1 at 2019-04-16 01:17:43 -0700
Started GET "/assets/application.self-aa08eaa9dd78a1a2a7a4837e7022b7de950064f1a3aa78f938fd18f7a32fd8cb.css?body=1&livereload=1555402663731" for ::1 at 2019-04-16 01:17:43 -0700
Started GET "/" for ::1 at 2019-04-16 01:17:55 -0700
Processing by StaticPagesController#index as HTML
  Rendering static_pages/index.html.erb within layouts/application
  Rendered shared/_main_nav.html.erb (0.3ms)
  Rendered shared/_masthead.html.erb (0.3ms)
  Rendered shared/_sections_nav.html.erb (0.3ms)
  Rendered shared/_search_modal.html.erb (0.3ms)
  Rendered shared/_main_content.html.erb (0.6ms)
  Rendered static_pages/index.html.erb within layouts/application (15.1ms)
Completed 200 OK in 58ms (Views: 54.0ms | ActiveRecord: 0.0ms)


Started GET "/assets/application.self-5d21d5b3812568333fab2a45779f314ebd185bb292bd1d16027c4a00328739a6.css?body=1" for ::1 at 2019-04-16 01:17:55 -0700
Started GET "/" for ::1 at 2019-04-16 01:18:17 -0700
Processing by StaticPagesController#index as HTML
  Rendering static_pages/index.html.erb within layouts/application
  Rendered shared/_main_nav.html.erb (0.5ms)
  Rendered shared/_masthead.html.erb (0.5ms)
  Rendered shared/_sections_nav.html.erb (0.6ms)
  Rendered shared/_search_modal.html.erb (0.3ms)
  Rendered shared/_main_content.html.erb (0.4ms)
  Rendered static_pages/index.html.erb within layouts/application (18.7ms)
Completed 200 OK in 48ms (Views: 44.1ms | ActiveRecord: 0.0ms)


Started GET "/users" for ::1 at 2019-04-17 01:24:48 -0700
DEPRECATION WARNING: ActiveRecord::Base.raise_in_transactional_callbacks= is deprecated, has no effect and will be removed without replacement. (called from block (3 levels) in <class:Railtie> at /Users/cameroncarter/.rbenv/versions/2.5.1/lib/ruby/gems/2.5.0/gems/activerecord-5.0.7.2/lib/active_record/railtie.rb:113)
  
ActionController::RoutingError (No route matches [GET] "/users"):
  
actionpack (5.0.7.2) lib/action_dispatch/middleware/debug_exceptions.rb:53:in `call'
web-console (3.7.0) lib/web_console/middleware.rb:135:in `call_app'
web-console (3.7.0) lib/web_console/middleware.rb:30:in `block in call'
web-console (3.7.0) lib/web_console/middleware.rb:20:in `catch'
web-console (3.7.0) lib/web_console/middleware.rb:20:in `call'
actionpack (5.0.7.2) lib/action_dispatch/middleware/show_exceptions.rb:31:in `call'
railties (5.0.7.2) lib/rails/rack/logger.rb:36:in `call_app'
railties (5.0.7.2) lib/rails/rack/logger.rb:24:in `block in call'
activesupport (5.0.7.2) lib/active_support/tagged_logging.rb:69:in `block in tagged'
activesupport (5.0.7.2) lib/active_support/tagged_logging.rb:26:in `tagged'
activesupport (5.0.7.2) lib/active_support/tagged_logging.rb:69:in `tagged'
railties (5.0.7.2) lib/rails/rack/logger.rb:24:in `call'
actionpack (5.0.7.2) lib/action_dispatch/middleware/request_id.rb:24:in `call'
rack (2.0.7) lib/rack/method_override.rb:22:in `call'
rack (2.0.7) lib/rack/runtime.rb:22:in `call'
activesupport (5.0.7.2) lib/active_support/cache/strategy/local_cache_middleware.rb:28:in `call'
actionpack (5.0.7.2) lib/action_dispatch/middleware/executor.rb:12:in `call'
rack-livereload (0.3.17) lib/rack/livereload.rb:23:in `_call'
rack-livereload (0.3.17) lib/rack/livereload.rb:14:in `call'
actionpack (5.0.7.2) lib/action_dispatch/middleware/static.rb:136:in `call'
rack (2.0.7) lib/rack/sendfile.rb:111:in `call'
railties (5.0.7.2) lib/rails/engine.rb:522:in `call'
puma (3.12.1) lib/puma/configuration.rb:227:in `call'
puma (3.12.1) lib/puma/server.rb:660:in `handle_request'
puma (3.12.1) lib/puma/server.rb:474:in `process_client'
puma (3.12.1) lib/puma/server.rb:334:in `block in run'
puma (3.12.1) lib/puma/thread_pool.rb:135:in `block in spawn_thread'
  Rendering /Users/cameroncarter/.rbenv/versions/2.5.1/lib/ruby/gems/2.5.0/gems/actionpack-5.0.7.2/lib/action_dispatch/middleware/templates/rescues/routing_error.html.erb within rescues/layout
  Rendering /Users/cameroncarter/.rbenv/versions/2.5.1/lib/ruby/gems/2.5.0/gems/actionpack-5.0.7.2/lib/action_dispatch/middleware/templates/rescues/_trace.html.erb
  Rendered /Users/cameroncarter/.rbenv/versions/2.5.1/lib/ruby/gems/2.5.0/gems/actionpack-5.0.7.2/lib/action_dispatch/middleware/templates/rescues/_trace.html.erb (5.0ms)
  Rendered collection of /Users/cameroncarter/.rbenv/versions/2.5.1/lib/ruby/gems/2.5.0/gems/actionpack-5.0.7.2/lib/action_dispatch/middleware/templates/routes/_route.html.erb [1 times] (11.5ms)
  Rendered /Users/cameroncarter/.rbenv/versions/2.5.1/lib/ruby/gems/2.5.0/gems/actionpack-5.0.7.2/lib/action_dispatch/middleware/templates/routes/_table.html.erb (33.7ms)
  Rendering /Users/cameroncarter/.rbenv/versions/2.5.1/lib/ruby/gems/2.5.0/gems/actionpack-5.0.7.2/lib/action_dispatch/middleware/templates/rescues/_request_and_response.html.erb
  Rendered /Users/cameroncarter/.rbenv/versions/2.5.1/lib/ruby/gems/2.5.0/gems/actionpack-5.0.7.2/lib/action_dispatch/middleware/templates/rescues/_request_and_response.html.erb (21.9ms)
  Rendered /Users/cameroncarter/.rbenv/versions/2.5.1/lib/ruby/gems/2.5.0/gems/actionpack-5.0.7.2/lib/action_dispatch/middleware/templates/rescues/routing_error.html.erb within rescues/layout (252.0ms)
Started GET "/" for ::1 at 2019-04-17 01:24:57 -0700
Processing by StaticPagesController#index as HTML
  Rendering static_pages/index.html.erb within layouts/application
  Rendered shared/_main_nav.html.erb (0.4ms)
  Rendered shared/_masthead.html.erb (0.4ms)
  Rendered shared/_sections_nav.html.erb (0.3ms)
  Rendered shared/_search_modal.html.erb (0.2ms)
  Rendered shared/_main_content.html.erb (0.2ms)
  Rendered static_pages/index.html.erb within layouts/application (18.7ms)
Completed 200 OK in 335ms (Views: 325.3ms | ActiveRecord: 0.0ms)


Started GET "/assets/jquery.self-bd7ddd393353a8d2480a622e80342adf488fb6006d667e8b42e4c0073393abee.js?body=1" for ::1 at 2019-04-17 01:24:58 -0700
Started GET "/assets/jquery_ujs.self-784a997f6726036b1993eb2217c9cb558e1cbb801c6da88105588c56f13b466a.js?body=1" for ::1 at 2019-04-17 01:24:58 -0700
Started GET "/assets/application.self-5d21d5b3812568333fab2a45779f314ebd185bb292bd1d16027c4a00328739a6.css?body=1&livereload=1555489570746" for ::1 at 2019-04-17 01:26:10 -0700
Started GET "/assets/application.self-5d21d5b3812568333fab2a45779f314ebd185bb292bd1d16027c4a00328739a6.css?body=1&livereload=1555489570751" for ::1 at 2019-04-17 01:26:10 -0700
Started GET "/" for ::1 at 2019-04-17 01:27:23 -0700
Processing by StaticPagesController#index as HTML
  Rendering static_pages/index.html.erb within layouts/application
  Rendered shared/_main_nav.html.erb (0.6ms)
  Rendered shared/_masthead.html.erb (0.3ms)
  Rendered shared/_sections_nav.html.erb (0.3ms)
  Rendered shared/_search_modal.html.erb (0.3ms)
  Rendered shared/_main_content.html.erb (0.3ms)
  Rendered static_pages/index.html.erb within layouts/application (17.3ms)
Completed 200 OK in 50ms (Views: 47.2ms | ActiveRecord: 0.0ms)


Started GET "/assets/application.self-5d21d5b3812568333fab2a45779f314ebd185bb292bd1d16027c4a00328739a6.css?body=1&livereload=1555489886499" for ::1 at 2019-04-17 01:31:26 -0700
Started GET "/assets/application.self-5d21d5b3812568333fab2a45779f314ebd185bb292bd1d16027c4a00328739a6.css?body=1&livereload=1555489886503" for ::1 at 2019-04-17 01:31:26 -0700
Started GET "/assets/application.self-5d21d5b3812568333fab2a45779f314ebd185bb292bd1d16027c4a00328739a6.css?body=1&livereload=1555489972967" for ::1 at 2019-04-17 01:32:52 -0700
Started GET "/assets/application.self-5d21d5b3812568333fab2a45779f314ebd185bb292bd1d16027c4a00328739a6.css?body=1&livereload=1555489972969" for ::1 at 2019-04-17 01:32:52 -0700
Started GET "/" for ::1 at 2019-04-17 01:32:56 -0700
Processing by StaticPagesController#index as HTML
  Rendering static_pages/index.html.erb within layouts/application
  Rendered shared/_main_nav.html.erb (0.6ms)
  Rendered shared/_masthead.html.erb (0.3ms)
  Rendered shared/_sections_nav.html.erb (0.3ms)
  Rendered shared/_search_modal.html.erb (0.6ms)
  Rendered shared/_main_content.html.erb (0.3ms)
  Rendered static_pages/index.html.erb within layouts/application (13.7ms)
Completed 200 OK in 41ms (Views: 39.1ms | ActiveRecord: 0.0ms)


Started GET "/assets/application.self-71439e02b17bfc5f11b05fd5b1d025c476a1f2ea35190612d8140d293ea2fbc6.css?body=1" for ::1 at 2019-04-17 01:32:56 -0700
Started GET "/assets/application.self-71439e02b17bfc5f11b05fd5b1d025c476a1f2ea35190612d8140d293ea2fbc6.css?body=1&livereload=1555490090887" for ::1 at 2019-04-17 01:34:50 -0700
Started GET "/assets/application.self-71439e02b17bfc5f11b05fd5b1d025c476a1f2ea35190612d8140d293ea2fbc6.css?body=1&livereload=1555490090890" for ::1 at 2019-04-17 01:34:50 -0700
Started GET "/assets/application.self-71439e02b17bfc5f11b05fd5b1d025c476a1f2ea35190612d8140d293ea2fbc6.css?body=1&livereload=1555490101068" for ::1 at 2019-04-17 01:35:01 -0700
Started GET "/assets/application.self-71439e02b17bfc5f11b05fd5b1d025c476a1f2ea35190612d8140d293ea2fbc6.css?body=1&livereload=1555490101070" for ::1 at 2019-04-17 01:35:01 -0700
Started GET "/assets/application.self-71439e02b17bfc5f11b05fd5b1d025c476a1f2ea35190612d8140d293ea2fbc6.css?body=1&livereload=1555490127348" for ::1 at 2019-04-17 01:35:27 -0700
Started GET "/assets/application.self-71439e02b17bfc5f11b05fd5b1d025c476a1f2ea35190612d8140d293ea2fbc6.css?body=1&livereload=1555490127350" for ::1 at 2019-04-17 01:35:27 -0700
Started GET "/" for ::1 at 2019-04-17 01:36:27 -0700
Started GET "/" for ::1 at 2019-04-17 01:36:27 -0700
Processing by StaticPagesController#index as HTML
  Rendering static_pages/index.html.erb within layouts/application
  Rendered shared/_main_nav.html.erb (0.4ms)
  Rendered shared/_masthead.html.erb (0.3ms)
Processing by StaticPagesController#index as HTML
  Rendered shared/_sections_nav.html.erb (0.3ms)
  Rendered shared/_search_modal.html.erb (0.3ms)
  Rendered shared/_main_content.html.erb (0.3ms)
  Rendered static_pages/index.html.erb within layouts/application (24.6ms)
  Rendering static_pages/index.html.erb within layouts/application
  Rendered shared/_main_nav.html.erb (0.0ms)
  Rendered shared/_masthead.html.erb (0.0ms)
  Rendered shared/_sections_nav.html.erb (0.1ms)
  Rendered shared/_search_modal.html.erb (0.0ms)
  Rendered shared/_main_content.html.erb (0.1ms)
  Rendered static_pages/index.html.erb within layouts/application (18.7ms)
Completed 200 OK in 92ms (Views: 87.6ms | ActiveRecord: 0.0ms)


Completed 200 OK in 76ms (Views: 71.7ms | ActiveRecord: 0.0ms)


Started GET "/assets/application.self-7631baf1b134cfe6da56a55cdfb2084c6ea6ec5d127bf8c7f63930a20d865f0a.css?body=1" for ::1 at 2019-04-17 01:36:27 -0700
Started GET "/assets/application.self-7631baf1b134cfe6da56a55cdfb2084c6ea6ec5d127bf8c7f63930a20d865f0a.css?body=1&livereload=1555490194090" for ::1 at 2019-04-17 01:36:34 -0700
Started GET "/assets/application.self-7631baf1b134cfe6da56a55cdfb2084c6ea6ec5d127bf8c7f63930a20d865f0a.css?body=1&livereload=1555490194093" for ::1 at 2019-04-17 01:36:34 -0700
Started GET "/" for ::1 at 2019-04-17 01:36:37 -0700
Processing by StaticPagesController#index as HTML
  Rendering static_pages/index.html.erb within layouts/application
  Rendered shared/_main_nav.html.erb (0.3ms)
  Rendered shared/_masthead.html.erb (0.4ms)
  Rendered shared/_sections_nav.html.erb (0.3ms)
  Rendered shared/_search_modal.html.erb (0.3ms)
  Rendered shared/_main_content.html.erb (0.3ms)
  Rendered static_pages/index.html.erb within layouts/application (14.6ms)
Completed 200 OK in 36ms (Views: 31.8ms | ActiveRecord: 0.0ms)


Started GET "/" for ::1 at 2019-04-17 01:37:25 -0700
Processing by StaticPagesController#index as HTML
  Rendering static_pages/index.html.erb within layouts/application
  Rendered shared/_main_nav.html.erb (1.4ms)
  Rendered shared/_masthead.html.erb (0.4ms)
  Rendered shared/_sections_nav.html.erb (0.5ms)
  Rendered shared/_search_modal.html.erb (0.3ms)
  Rendered shared/_main_content.html.erb (1.2ms)
  Rendered static_pages/index.html.erb within layouts/application (21.7ms)
Completed 200 OK in 57ms (Views: 53.6ms | ActiveRecord: 0.0ms)


Started GET "/assets/application.self-7631baf1b134cfe6da56a55cdfb2084c6ea6ec5d127bf8c7f63930a20d865f0a.css?body=1&livereload=1555490255244" for ::1 at 2019-04-17 01:37:35 -0700
Started GET "/assets/application.self-7631baf1b134cfe6da56a55cdfb2084c6ea6ec5d127bf8c7f63930a20d865f0a.css?body=1&livereload=1555490255248" for ::1 at 2019-04-17 01:37:35 -0700
Started GET "/" for ::1 at 2019-04-17 01:37:40 -0700
Started GET "/" for ::1 at 2019-04-17 01:37:40 -0700
Processing by StaticPagesController#index as HTML
  Rendering static_pages/index.html.erb within layouts/application
  Rendered shared/_main_nav.html.erb (1.2ms)
  Rendered shared/_masthead.html.erb (1.6ms)
  Rendered shared/_sections_nav.html.erb (1.0ms)
  Rendered shared/_search_modal.html.erb (0.3ms)
Processing by StaticPagesController#index as HTML
  Rendered shared/_main_content.html.erb (1.9ms)
  Rendered static_pages/index.html.erb within layouts/application (37.9ms)
  Rendering static_pages/index.html.erb within layouts/application
  Rendered shared/_main_nav.html.erb (0.1ms)
  Rendered shared/_masthead.html.erb (0.1ms)
  Rendered shared/_sections_nav.html.erb (0.1ms)
  Rendered shared/_search_modal.html.erb (0.1ms)
  Rendered shared/_main_content.html.erb (0.1ms)
  Rendered static_pages/index.html.erb within layouts/application (32.9ms)
Completed 200 OK in 118ms (Views: 111.4ms | ActiveRecord: 0.0ms)


Completed 200 OK in 176ms (Views: 170.9ms | ActiveRecord: 0.0ms)


Started GET "/assets/application.self-2e29b6d46584582cda485259f9d504fbdd611532b5b32b16fe6cea359fb4643b.css?body=1" for ::1 at 2019-04-17 01:37:40 -0700
Started GET "/" for ::1 at 2019-04-17 01:38:46 -0700
Processing by StaticPagesController#index as HTML
  Rendering static_pages/index.html.erb within layouts/application
  Rendered shared/_main_nav.html.erb (0.6ms)
  Rendered shared/_masthead.html.erb (0.4ms)
  Rendered shared/_sections_nav.html.erb (0.8ms)
  Rendered shared/_search_modal.html.erb (0.3ms)
  Rendered shared/_main_content.html.erb (0.3ms)
  Rendered static_pages/index.html.erb within layouts/application (17.7ms)
Completed 200 OK in 68ms (Views: 63.2ms | ActiveRecord: 0.0ms)


Started GET "/" for ::1 at 2019-04-17 01:38:49 -0700
Processing by StaticPagesController#index as HTML
  Rendering static_pages/index.html.erb within layouts/application
  Rendered shared/_main_nav.html.erb (0.8ms)
  Rendered shared/_masthead.html.erb (0.5ms)
  Rendered shared/_sections_nav.html.erb (0.3ms)
  Rendered shared/_search_modal.html.erb (0.3ms)
  Rendered shared/_main_content.html.erb (0.2ms)
  Rendered static_pages/index.html.erb within layouts/application (15.3ms)
Completed 200 OK in 49ms (Views: 44.8ms | ActiveRecord: 0.0ms)


Started GET "/" for ::1 at 2019-04-17 01:38:53 -0700
Processing by StaticPagesController#index as HTML
  Rendering static_pages/index.html.erb within layouts/application
  Rendered shared/_main_nav.html.erb (0.3ms)
  Rendered shared/_masthead.html.erb (0.6ms)
  Rendered shared/_sections_nav.html.erb (0.3ms)
  Rendered shared/_search_modal.html.erb (0.4ms)
  Rendered shared/_main_content.html.erb (0.3ms)
  Rendered static_pages/index.html.erb within layouts/application (14.1ms)
Completed 200 OK in 35ms (Views: 33.0ms | ActiveRecord: 0.0ms)


Started GET "/assets/application.self-2e29b6d46584582cda485259f9d504fbdd611532b5b32b16fe6cea359fb4643b.css?body=1&livereload=1555490350611" for ::1 at 2019-04-17 01:39:10 -0700
Started GET "/assets/application.self-2e29b6d46584582cda485259f9d504fbdd611532b5b32b16fe6cea359fb4643b.css?body=1&livereload=1555490350614" for ::1 at 2019-04-17 01:39:10 -0700
Started GET "/assets/application.self-2e29b6d46584582cda485259f9d504fbdd611532b5b32b16fe6cea359fb4643b.css?body=1&livereload=1555490370757" for ::1 at 2019-04-17 01:39:30 -0700
Started GET "/assets/application.self-2e29b6d46584582cda485259f9d504fbdd611532b5b32b16fe6cea359fb4643b.css?body=1&livereload=1555490370758" for ::1 at 2019-04-17 01:39:30 -0700
Started GET "/assets/application.self-2e29b6d46584582cda485259f9d504fbdd611532b5b32b16fe6cea359fb4643b.css?body=1&livereload=1555490372324" for ::1 at 2019-04-17 01:39:32 -0700
Started GET "/assets/application.self-2e29b6d46584582cda485259f9d504fbdd611532b5b32b16fe6cea359fb4643b.css?body=1&livereload=1555490372325" for ::1 at 2019-04-17 01:39:32 -0700
Started GET "/" for ::1 at 2019-04-17 01:39:35 -0700
Processing by StaticPagesController#index as HTML
  Rendering static_pages/index.html.erb within layouts/application
  Rendered shared/_main_nav.html.erb (0.3ms)
  Rendered shared/_masthead.html.erb (0.3ms)
  Rendered shared/_sections_nav.html.erb (0.4ms)
  Rendered shared/_search_modal.html.erb (0.3ms)
  Rendered shared/_main_content.html.erb (0.4ms)
  Rendered static_pages/index.html.erb within layouts/application (13.5ms)
Completed 200 OK in 43ms (Views: 39.7ms | ActiveRecord: 0.0ms)


Started GET "/assets/application.self-aec5ae72ea3ec4e7aca045d1de13d1297baf131ebaba90893be9e2867f146c4a.css?body=1" for ::1 at 2019-04-17 01:39:35 -0700
Started GET "/" for ::1 at 2019-04-17 01:40:49 -0700
Processing by StaticPagesController#index as HTML
  Rendering static_pages/index.html.erb within layouts/application
  Rendered shared/_main_nav.html.erb (0.3ms)
  Rendered shared/_masthead.html.erb (0.4ms)
  Rendered shared/_sections_nav.html.erb (0.3ms)
  Rendered shared/_search_modal.html.erb (0.4ms)
  Rendered shared/_main_content.html.erb (0.3ms)
  Rendered static_pages/index.html.erb within layouts/application (16.7ms)
Completed 200 OK in 48ms (Views: 44.2ms | ActiveRecord: 0.0ms)


Started GET "/" for ::1 at 2019-04-17 01:40:50 -0700
Processing by StaticPagesController#index as HTML
  Rendering static_pages/index.html.erb within layouts/application
  Rendered shared/_main_nav.html.erb (0.5ms)
  Rendered shared/_masthead.html.erb (0.3ms)
  Rendered shared/_sections_nav.html.erb (0.5ms)
  Rendered shared/_search_modal.html.erb (0.3ms)
  Rendered shared/_main_content.html.erb (0.3ms)
  Rendered static_pages/index.html.erb within layouts/application (20.1ms)
Completed 200 OK in 47ms (Views: 44.1ms | ActiveRecord: 0.0ms)


Started GET "/" for ::1 at 2019-04-17 01:41:08 -0700
Processing by StaticPagesController#index as HTML
  Rendering static_pages/index.html.erb within layouts/application
  Rendered shared/_main_nav.html.erb (0.9ms)
  Rendered shared/_masthead.html.erb (0.3ms)
  Rendered shared/_sections_nav.html.erb (0.3ms)
  Rendered shared/_search_modal.html.erb (0.4ms)
  Rendered shared/_main_content.html.erb (0.5ms)
  Rendered static_pages/index.html.erb within layouts/application (29.3ms)
Completed 200 OK in 54ms (Views: 51.4ms | ActiveRecord: 0.0ms)


Started GET "/" for ::1 at 2019-04-17 01:41:17 -0700
Processing by StaticPagesController#index as HTML
  Rendering static_pages/index.html.erb within layouts/application
  Rendered shared/_main_nav.html.erb (0.5ms)
  Rendered shared/_masthead.html.erb (0.5ms)
  Rendered shared/_sections_nav.html.erb (0.7ms)
  Rendered shared/_search_modal.html.erb (0.4ms)
  Rendered shared/_main_content.html.erb (0.3ms)
  Rendered static_pages/index.html.erb within layouts/application (17.8ms)
Completed 200 OK in 48ms (Views: 41.9ms | ActiveRecord: 0.0ms)


Started GET "/" for ::1 at 2019-04-17 01:41:21 -0700
Processing by StaticPagesController#index as HTML
  Rendering static_pages/index.html.erb within layouts/application
  Rendered shared/_main_nav.html.erb (0.3ms)
  Rendered shared/_masthead.html.erb (0.4ms)
  Rendered shared/_sections_nav.html.erb (0.4ms)
  Rendered shared/_search_modal.html.erb (0.4ms)
  Rendered shared/_main_content.html.erb (0.3ms)
  Rendered static_pages/index.html.erb within layouts/application (14.5ms)
Completed 200 OK in 36ms (Views: 31.8ms | ActiveRecord: 0.0ms)


Started GET "/" for ::1 at 2019-04-17 01:41:22 -0700
Processing by StaticPagesController#index as HTML
  Rendering static_pages/index.html.erb within layouts/application
  Rendered shared/_main_nav.html.erb (0.4ms)
  Rendered shared/_masthead.html.erb (0.3ms)
  Rendered shared/_sections_nav.html.erb (0.5ms)
  Rendered shared/_search_modal.html.erb (0.3ms)
  Rendered shared/_main_content.html.erb (0.3ms)
  Rendered static_pages/index.html.erb within layouts/application (14.6ms)
Completed 200 OK in 35ms (Views: 33.1ms | ActiveRecord: 0.0ms)


Started GET "/" for ::1 at 2019-04-17 01:41:34 -0700
Processing by StaticPagesController#index as HTML
  Rendering static_pages/index.html.erb within layouts/application
  Rendered shared/_main_nav.html.erb (0.3ms)
  Rendered shared/_masthead.html.erb (0.5ms)
  Rendered shared/_sections_nav.html.erb (0.3ms)
  Rendered shared/_search_modal.html.erb (0.5ms)
  Rendered shared/_main_content.html.erb (0.3ms)
  Rendered static_pages/index.html.erb within layouts/application (16.5ms)
Completed 200 OK in 45ms (Views: 39.6ms | ActiveRecord: 0.0ms)


Started GET "/" for ::1 at 2019-04-17 01:41:50 -0700
Processing by StaticPagesController#index as HTML
  Rendering static_pages/index.html.erb within layouts/application
  Rendered shared/_main_nav.html.erb (0.6ms)
  Rendered shared/_masthead.html.erb (0.4ms)
  Rendered shared/_sections_nav.html.erb (0.4ms)
  Rendered shared/_search_modal.html.erb (1.2ms)
  Rendered shared/_main_content.html.erb (1.4ms)
  Rendered static_pages/index.html.erb within layouts/application (28.9ms)
Completed 200 OK in 69ms (Views: 64.0ms | ActiveRecord: 0.0ms)


Started GET "/" for ::1 at 2019-04-17 01:43:23 -0700
Processing by StaticPagesController#index as HTML
  Rendering static_pages/index.html.erb within layouts/application
  Rendered shared/_main_nav.html.erb (0.8ms)
  Rendered shared/_masthead.html.erb (0.6ms)
  Rendered shared/_sections_nav.html.erb (0.4ms)
  Rendered shared/_search_modal.html.erb (0.4ms)
  Rendered shared/_main_content.html.erb (0.3ms)
  Rendered static_pages/index.html.erb within layouts/application (19.9ms)
Completed 200 OK in 51ms (Views: 45.9ms | ActiveRecord: 0.0ms)


Started GET "/" for ::1 at 2019-04-17 01:43:27 -0700
Processing by StaticPagesController#index as HTML
  Rendering static_pages/index.html.erb within layouts/application
  Rendered shared/_main_nav.html.erb (0.6ms)
  Rendered shared/_masthead.html.erb (0.3ms)
  Rendered shared/_sections_nav.html.erb (0.4ms)
  Rendered shared/_search_modal.html.erb (0.8ms)
  Rendered shared/_main_content.html.erb (0.4ms)
  Rendered static_pages/index.html.erb within layouts/application (16.3ms)
Completed 200 OK in 46ms (Views: 43.0ms | ActiveRecord: 0.0ms)


Started GET "/" for ::1 at 2019-04-17 01:43:46 -0700
Processing by StaticPagesController#index as HTML
  Rendering static_pages/index.html.erb within layouts/application
  Rendered shared/_main_nav.html.erb (1.1ms)
  Rendered shared/_masthead.html.erb (0.3ms)
  Rendered shared/_sections_nav.html.erb (0.6ms)
  Rendered shared/_search_modal.html.erb (0.3ms)
  Rendered shared/_main_content.html.erb (0.3ms)
  Rendered static_pages/index.html.erb within layouts/application (19.8ms)
Completed 200 OK in 52ms (Views: 48.6ms | ActiveRecord: 0.0ms)


Started GET "/" for ::1 at 2019-04-17 01:44:07 -0700
Processing by StaticPagesController#index as HTML
  Rendering static_pages/index.html.erb within layouts/application
  Rendered shared/_main_nav.html.erb (0.5ms)
  Rendered shared/_masthead.html.erb (0.3ms)
  Rendered shared/_sections_nav.html.erb (0.3ms)
  Rendered shared/_search_modal.html.erb (0.3ms)
  Rendered shared/_main_content.html.erb (0.3ms)
  Rendered static_pages/index.html.erb within layouts/application (16.2ms)
Completed 200 OK in 45ms (Views: 41.1ms | ActiveRecord: 0.0ms)


Started GET "/assets/application.self-aec5ae72ea3ec4e7aca045d1de13d1297baf131ebaba90893be9e2867f146c4a.css?body=1&livereload=1555490673173" for ::1 at 2019-04-17 01:44:33 -0700
Started GET "/assets/application.self-aec5ae72ea3ec4e7aca045d1de13d1297baf131ebaba90893be9e2867f146c4a.css?body=1&livereload=1555490673175" for ::1 at 2019-04-17 01:44:33 -0700
Started GET "/assets/application.self-aec5ae72ea3ec4e7aca045d1de13d1297baf131ebaba90893be9e2867f146c4a.css?body=1&livereload=1555490680067" for ::1 at 2019-04-17 01:44:40 -0700
Started GET "/assets/application.self-aec5ae72ea3ec4e7aca045d1de13d1297baf131ebaba90893be9e2867f146c4a.css?body=1&livereload=1555490680065" for ::1 at 2019-04-17 01:44:40 -0700
Started GET "/" for ::1 at 2019-04-17 01:44:53 -0700
Processing by StaticPagesController#index as HTML
  Rendering static_pages/index.html.erb within layouts/application
  Rendered shared/_main_nav.html.erb (0.6ms)
  Rendered shared/_masthead.html.erb (1.6ms)
  Rendered shared/_sections_nav.html.erb (0.3ms)
  Rendered shared/_search_modal.html.erb (0.2ms)
  Rendered shared/_main_content.html.erb (0.5ms)
  Rendered static_pages/index.html.erb within layouts/application (17.9ms)
Completed 200 OK in 55ms (Views: 52.1ms | ActiveRecord: 0.0ms)


Started GET "/assets/application.self-31a30efa198bb8ec58225c4a7208d4d0ee7af69ca8eb873c3b891636fa912dd2.css?body=1" for ::1 at 2019-04-17 01:44:53 -0700
Started GET "/" for ::1 at 2019-04-17 01:45:41 -0700
Processing by StaticPagesController#index as HTML
  Rendering static_pages/index.html.erb within layouts/application
  Rendered shared/_main_nav.html.erb (0.6ms)
  Rendered shared/_masthead.html.erb (0.3ms)
  Rendered shared/_sections_nav.html.erb (0.3ms)
  Rendered shared/_search_modal.html.erb (0.5ms)
  Rendered shared/_main_content.html.erb (0.4ms)
  Rendered static_pages/index.html.erb within layouts/application (16.8ms)
Completed 200 OK in 46ms (Views: 43.3ms | ActiveRecord: 0.0ms)


Started GET "/" for ::1 at 2019-04-17 01:46:10 -0700
Processing by StaticPagesController#index as HTML
  Rendering static_pages/index.html.erb within layouts/application
  Rendered shared/_main_nav.html.erb (0.3ms)
  Rendered shared/_masthead.html.erb (0.4ms)
  Rendered shared/_sections_nav.html.erb (0.4ms)
  Rendered shared/_search_modal.html.erb (0.2ms)
  Rendered shared/_main_content.html.erb (0.3ms)
  Rendered static_pages/index.html.erb within layouts/application (16.5ms)
Completed 200 OK in 42ms (Views: 39.1ms | ActiveRecord: 0.0ms)


Started GET "/" for ::1 at 2019-04-17 01:46:13 -0700
Processing by StaticPagesController#index as HTML
  Rendering static_pages/index.html.erb within layouts/application
  Rendered shared/_main_nav.html.erb (0.5ms)
  Rendered shared/_masthead.html.erb (0.6ms)
  Rendered shared/_sections_nav.html.erb (0.4ms)
  Rendered shared/_search_modal.html.erb (0.3ms)
  Rendered shared/_main_content.html.erb (0.4ms)
  Rendered static_pages/index.html.erb within layouts/application (16.5ms)
Completed 200 OK in 42ms (Views: 39.3ms | ActiveRecord: 0.0ms)


Started GET "/" for ::1 at 2019-04-17 01:47:22 -0700
Processing by StaticPagesController#index as HTML
  Rendering static_pages/index.html.erb within layouts/application
  Rendered shared/_main_nav.html.erb (0.4ms)
  Rendered shared/_masthead.html.erb (0.4ms)
  Rendered shared/_sections_nav.html.erb (0.6ms)
  Rendered shared/_search_modal.html.erb (0.3ms)
  Rendered shared/_main_content.html.erb (0.3ms)
  Rendered static_pages/index.html.erb within layouts/application (16.8ms)
Completed 200 OK in 43ms (Views: 39.4ms | ActiveRecord: 0.0ms)


Started GET "/" for ::1 at 2019-04-17 01:47:28 -0700
Processing by StaticPagesController#index as HTML
  Rendering static_pages/index.html.erb within layouts/application
  Rendered shared/_main_nav.html.erb (0.6ms)
  Rendered shared/_masthead.html.erb (0.5ms)
  Rendered shared/_sections_nav.html.erb (0.5ms)
  Rendered shared/_search_modal.html.erb (0.5ms)
  Rendered shared/_main_content.html.erb (0.3ms)
  Rendered static_pages/index.html.erb within layouts/application (17.1ms)
Completed 200 OK in 46ms (Views: 43.2ms | ActiveRecord: 0.0ms)


Started GET "/" for ::1 at 2019-04-17 01:47:41 -0700
Processing by StaticPagesController#index as HTML
  Rendering static_pages/index.html.erb within layouts/application
  Rendered shared/_main_nav.html.erb (0.5ms)
  Rendered shared/_masthead.html.erb (0.5ms)
  Rendered shared/_sections_nav.html.erb (0.7ms)
  Rendered shared/_search_modal.html.erb (0.3ms)
  Rendered shared/_main_content.html.erb (0.6ms)
  Rendered static_pages/index.html.erb within layouts/application (20.2ms)
Completed 200 OK in 48ms (Views: 43.9ms | ActiveRecord: 0.0ms)


Started GET "/assets/AA_Times_Logo.png" for ::1 at 2019-04-17 01:47:41 -0700
Started GET "/" for ::1 at 2019-04-17 01:47:49 -0700
Processing by StaticPagesController#index as HTML
  Rendering static_pages/index.html.erb within layouts/application
  Rendered shared/_main_nav.html.erb (0.7ms)
  Rendered shared/_masthead.html.erb (0.4ms)
  Rendered shared/_sections_nav.html.erb (0.6ms)
  Rendered shared/_search_modal.html.erb (0.2ms)
  Rendered shared/_main_content.html.erb (0.3ms)
  Rendered static_pages/index.html.erb within layouts/application (17.6ms)
Completed 200 OK in 45ms (Views: 43.2ms | ActiveRecord: 0.0ms)


Started GET "/assets/AA_Times_Logo.png" for ::1 at 2019-04-17 01:47:49 -0700
